01:18:25 DEBUG Initializing window with size 1280,720
01:18:25 DEBUG Enet Initialized?: 1
01:18:25 DEBUG Starting application...
01:18:27 DEBUG Hosting server with address 0, port 2
01:18:27 DEBUG Updating weather...
01:18:27 INFO Updating FPS
01:18:27 DEBUG Updating weather...
01:18:27 DEBUG Updating weather...
01:18:27 DEBUG Updating weather...
01:18:27 DEBUG Updating weather...
01:18:27 DEBUG Updating weather...
01:18:27 DEBUG Updating weather...
01:18:27 DEBUG Updating weather...
01:18:27 DEBUG Updating weather...
01:18:27 DEBUG Updating weather...
01:18:27 DEBUG Updating weather...
01:18:27 DEBUG Updating weather...
01:18:28 DEBUG Updating weather...
01:18:28 INFO Updating FPS
01:18:28 DEBUG Updating weather...
01:18:28 DEBUG Updating weather...
01:18:28 DEBUG Updating weather...
01:18:28 DEBUG Updating weather...
01:18:28 DEBUG Updating weather...
01:18:28 DEBUG Updating weather...
01:18:28 DEBUG Updating weather...
01:18:28 DEBUG Updating weather...
01:18:28 DEBUG Updating weather...
01:18:28 DEBUG Updating weather...
01:18:28 DEBUG Updating weather...
01:18:28 DEBUG Updating weather...
01:18:28 DEBUG Updating weather...
01:18:28 DEBUG Updating weather...
01:18:28 DEBUG Updating weather...
01:18:28 DEBUG Updating weather...
01:18:28 DEBUG Updating weather...
01:18:28 DEBUG Updating weather...
01:18:28 DEBUG Updating weather...
01:18:29 INFO Updating FPS
01:18:29 DEBUG Updating weather...
01:18:29 DEBUG Updating weather...
01:18:29 DEBUG Updating weather...
01:18:29 DEBUG Updating weather...
01:18:29 DEBUG Updating weather...
01:18:29 DEBUG Updating weather...
01:18:29 DEBUG Updating weather...
01:18:29 DEBUG Updating weather...
01:18:29 DEBUG Updating weather...
01:18:29 DEBUG Updating weather...
01:18:29 DEBUG Updating weather...
01:18:29 DEBUG Updating weather...
01:18:29 DEBUG Updating weather...
01:18:29 DEBUG Updating weather...
01:18:29 DEBUG Updating weather...
01:18:29 DEBUG Updating weather...
01:18:29 DEBUG Updating weather...
01:18:29 DEBUG Updating weather...
01:18:29 DEBUG Updating weather...
01:18:29 DEBUG Updating weather...
01:18:30 INFO Updating FPS
01:18:30 DEBUG Updating weather...
01:18:30 DEBUG Updating weather...
01:18:30 DEBUG Updating weather...
01:18:30 DEBUG Updating weather...
01:18:30 DEBUG Updating weather...
01:18:30 DEBUG Updating weather...
01:18:30 DEBUG Updating weather...
01:18:30 DEBUG Updating weather...
01:18:30 DEBUG Updating weather...
01:18:30 DEBUG Updating weather...
01:18:30 DEBUG Updating weather...
01:18:30 DEBUG Updating weather...
01:18:30 DEBUG Updating weather...
01:18:30 DEBUG Updating weather...
01:18:30 DEBUG Updating weather...
01:18:30 DEBUG Updating weather...
01:18:30 DEBUG Updating weather...
01:18:30 DEBUG Updating weather...
01:18:30 DEBUG Updating weather...
01:18:30 DEBUG Updating weather...
01:18:31 INFO Updating FPS
01:18:31 DEBUG Updating weather...
01:18:31 DEBUG Updating weather...
01:18:31 DEBUG Updating weather...
01:18:31 DEBUG Updating weather...
01:18:31 DEBUG Updating weather...
01:18:31 DEBUG Updating weather...
01:18:31 DEBUG Updating weather...
01:18:31 DEBUG Updating weather...
01:18:31 DEBUG Updating weather...
01:18:31 DEBUG Updating weather...
01:18:31 DEBUG Updating weather...
01:18:31 DEBUG Updating weather...
01:18:31 DEBUG Updating weather...
01:18:31 DEBUG Updating weather...
01:18:31 DEBUG Updating weather...
01:18:31 DEBUG Updating weather...
01:18:31 DEBUG Updating weather...
01:18:31 DEBUG Updating weather...
01:18:31 DEBUG Updating weather...
01:18:31 DEBUG Updating weather...
01:18:32 INFO Updating FPS
01:18:32 DEBUG Updating weather...
01:18:32 DEBUG Updating weather...
01:18:32 DEBUG Updating weather...
01:18:32 INFO Sent packet with: PlayerMoveEvent 2 0.019789 0.000000 -0.089365
01:18:32 DEBUG Updating weather...
01:18:32 INFO Sent packet with: PlayerMoveEvent 2 0.103368 0.000000 -0.270788
01:18:32 DEBUG Updating weather...
01:18:32 INFO Sent packet with: PlayerMoveEvent 2 0.223952 0.000000 -0.430901
01:18:32 DEBUG Updating weather...
01:18:32 INFO Sent packet with: PlayerMoveEvent 2 0.356351 0.000000 -0.581518
01:18:32 DEBUG Updating weather...
01:18:32 INFO Sent packet with: PlayerMoveEvent 2 0.490494 0.000000 -0.731333
01:18:32 DEBUG Updating weather...
01:18:32 INFO Sent packet with: PlayerMoveEvent 2 0.629145 0.000000 -0.875909
01:18:32 DEBUG Updating weather...
01:18:32 INFO Sent packet with: PlayerMoveEvent 2 0.777489 0.000000 -1.010003
01:18:32 DEBUG Updating weather...
01:18:32 INFO Sent packet with: PlayerMoveEvent 2 0.935287 0.000000 -1.134012
01:18:32 DEBUG Updating weather...
01:18:32 INFO Sent packet with: PlayerMoveEvent 2 1.097679 0.000000 -1.251079
01:18:32 DEBUG Updating weather...
01:18:32 INFO Sent packet with: PlayerMoveEvent 2 1.260852 0.000000 -1.367603
01:18:32 DEBUG Updating weather...
01:18:32 INFO Sent packet with: PlayerMoveEvent 2 1.423653 0.000000 -1.483861
01:18:32 DEBUG Updating weather...
01:18:32 INFO Sent packet with: PlayerMoveEvent 2 1.556800 0.000000 -1.579026
01:18:32 DEBUG Updating weather...
01:18:32 DEBUG Updating weather...
01:18:32 DEBUG Updating weather...
01:18:32 DEBUG Updating weather...
01:18:32 DEBUG Updating weather...
01:18:32 DEBUG Updating weather...
01:18:33 INFO Updating FPS
01:18:33 DEBUG Updating weather...
01:18:33 DEBUG Updating weather...
01:18:33 DEBUG Updating weather...
01:18:33 DEBUG Updating weather...
01:18:33 DEBUG Updating weather...
01:18:33 DEBUG Updating weather...
01:18:33 DEBUG Updating weather...
01:18:33 DEBUG Updating weather...
01:18:33 DEBUG Updating weather...
01:18:33 DEBUG Updating weather...
01:18:33 DEBUG Updating weather...
01:18:33 DEBUG Updating weather...
01:18:33 DEBUG Updating weather...
01:18:33 DEBUG Updating weather...
01:18:33 DEBUG Updating weather...
01:18:33 DEBUG Updating weather...
01:18:33 DEBUG Updating weather...
01:18:33 DEBUG Updating weather...
01:18:33 DEBUG Updating weather...
01:18:33 DEBUG Updating weather...
01:18:34 INFO Updating FPS
01:18:34 DEBUG Updating weather...
01:18:34 DEBUG Updating weather...
01:18:34 DEBUG Updating weather...
01:18:34 DEBUG Updating weather...
01:18:34 DEBUG Updating weather...
01:18:34 DEBUG Updating weather...
01:18:34 DEBUG Updating weather...
01:18:34 DEBUG Updating weather...
01:18:34 DEBUG Updating weather...
01:18:34 DEBUG Updating weather...
01:18:34 DEBUG Updating weather...
01:18:34 DEBUG Updating weather...
01:18:34 DEBUG Updating weather...
01:18:34 DEBUG Updating weather...
01:18:34 DEBUG Updating weather...
01:18:34 DEBUG Updating weather...
01:18:34 DEBUG Updating weather...
01:18:34 DEBUG Updating weather...
01:18:34 DEBUG Updating weather...
01:18:34 DEBUG Updating weather...
01:18:35 INFO Updating FPS
01:18:35 DEBUG Updating weather...
01:18:35 DEBUG Updating weather...
01:18:35 DEBUG Updating weather...
01:18:35 DEBUG Updating weather...
01:18:35 DEBUG Updating weather...
01:18:35 DEBUG Updating weather...
01:18:36 DEBUG Closing Window
01:18:39 DEBUG Initializing window with size 1280,720
01:18:39 DEBUG Enet Initialized?: 1
01:18:39 DEBUG Starting application...
01:18:41 DEBUG Hosting server with address 0, port 2
01:18:41 DEBUG Updating weather...
01:18:41 INFO Updating FPS
01:18:41 DEBUG Updating weather...
01:18:41 DEBUG Updating weather...
01:18:41 DEBUG Updating weather...
01:18:41 DEBUG Updating weather...
01:18:41 DEBUG Updating weather...
01:18:41 DEBUG Updating weather...
01:18:41 DEBUG Updating weather...
01:18:41 DEBUG Updating weather...
01:18:42 INFO Updating FPS
01:18:42 DEBUG Updating weather...
01:18:42 DEBUG Updating weather...
01:18:42 DEBUG Updating weather...
01:18:42 DEBUG Updating weather...
01:18:42 DEBUG Updating weather...
01:18:42 DEBUG Updating weather...
01:18:42 DEBUG Updating weather...
01:18:42 DEBUG Updating weather...
01:18:42 DEBUG Updating weather...
01:18:42 DEBUG Updating weather...
01:18:42 DEBUG Updating weather...
01:18:42 DEBUG Updating weather...
01:18:42 DEBUG Updating weather...
01:18:42 DEBUG Updating weather...
01:18:42 DEBUG Updating weather...
01:18:42 DEBUG Updating weather...
01:18:42 DEBUG Updating weather...
01:18:42 DEBUG Updating weather...
01:18:42 DEBUG Updating weather...
01:18:42 DEBUG Updating weather...
01:18:43 INFO Updating FPS
01:18:43 DEBUG Updating weather...
01:18:43 DEBUG Updating weather...
01:18:43 DEBUG Updating weather...
01:18:43 DEBUG Updating weather...
01:18:43 DEBUG Updating weather...
01:18:43 DEBUG Updating weather...
01:18:43 DEBUG Updating weather...
01:18:43 DEBUG Updating weather...
01:18:58 DEBUG Closing Window
01:22:39 DEBUG Initializing window with size 1280,720
01:22:40 DEBUG Enet Initialized?: 1
01:22:40 DEBUG Starting application...
01:22:41 DEBUG Hosting server with address 0, port 2
01:22:41 DEBUG Updating weather...
01:22:42 DEBUG Received query: {"coord":{"lon":-97.7431,"lat":30.2672},"weather":[{"id":800,"main":"Clear","description":"clear sky","icon":"01n"}],"base":"stations","main":{"temp":299.28,"feels_like":299.28,"temp_min":297.85,"temp_max":300.32,"pressure":1018,"humidity":47,"sea_level":1018,"grnd_level":993},"visibility":10000,"wind":{"speed":5.66,"deg":10},"clouds":{"all":0},"dt":1761095655,"sys":{"type":2,"id":2073627,"country":"US","sunrise":1761050229,"sunset":1761090817},"timezone":-18000,"id":4671654,"name":"Austin","cod":200}
01:22:42 INFO 
01:22:42 DEBUG Updating weather information in world and shader...
01:22:42 INFO Azimuth: 268.594860 Altitude: -19.992962
01:22:42 INFO Sent packet with: WeatherUpdateEvent 800 0
01:22:42 INFO Updating FPS
01:22:42 INFO Updating FPS
01:22:42 INFO Sent packet with: PlayerMoveEvent 2 0.005734 0.000000 -0.014646
01:22:42 INFO Sent packet with: PlayerMoveEvent 2 0.074630 0.000000 -0.202383
01:22:42 INFO Sent packet with: PlayerMoveEvent 2 0.128214 0.000000 -0.395564
01:22:42 INFO Sent packet with: PlayerMoveEvent 2 0.175006 0.000000 -0.590371
01:22:42 INFO Sent packet with: PlayerMoveEvent 2 0.219643 0.000000 -0.788245
01:22:42 INFO Sent packet with: PlayerMoveEvent 2 0.262720 0.000000 -0.984659
01:22:43 INFO Sent packet with: PlayerMoveEvent 2 0.306653 0.000000 -1.181057
01:22:43 INFO Updating FPS
01:22:43 INFO Sent packet with: PlayerMoveEvent 2 0.352023 0.000000 -1.375993
01:22:43 INFO Sent packet with: PlayerMoveEvent 2 0.399172 0.000000 -1.570730
01:22:43 INFO Sent packet with: PlayerMoveEvent 2 0.447673 0.000000 -1.765576
01:22:43 INFO Sent packet with: PlayerMoveEvent 2 0.496772 0.000000 -1.959627
01:22:43 INFO Sent packet with: PlayerMoveEvent 2 0.531261 0.000000 -2.096303
01:22:43 INFO Sent packet with: ItemPickupEvent 2 (MoveTool 0.000000 0.000000 0.000000 2.000000 1.000000 0.000000 0.000000 0.000000 1.000000)
01:22:43 INFO Sent packet with: ObjectRemoveEvent 2 3
01:22:43 INFO Sent packet with: PlayerMoveEvent 2 0.562861 0.000000 -2.168936
01:22:43 INFO Sent packet with: PlayerMoveEvent 2 0.645098 0.000000 -2.351464
01:22:43 INFO Sent packet with: PlayerMoveEvent 2 0.728195 0.000000 -2.534057
01:22:44 INFO Updating FPS
01:22:44 INFO Sent packet with: PlayerMoveEvent 2 0.812762 0.000000 -2.715691
01:22:44 INFO Hitting object Cube 0.000000 0.000000 0.000000 1.000000 1.000000 1.000000 1.000000 230 41 55 255 0.000000 0.000000 0.000000 1.000000
01:22:44 INFO Sent packet with: ObjectMoveEvent 2 (1 0.006986 0.020779 -0.105376)
01:22:44 INFO Sent packet with: PlayerMoveEvent 2 0.897623 0.000000 -2.897049
01:22:44 INFO Sent packet with: ObjectMoveEvent 2 (1 0.022915 0.042199 -0.220057)
01:22:44 INFO Sent packet with: PlayerMoveEvent 2 0.980961 0.000000 -3.080061
01:22:44 INFO Sent packet with: ObjectMoveEvent 2 (1 0.054702 0.071894 -0.332836)
01:22:44 INFO Sent packet with: PlayerMoveEvent 2 1.051236 0.000000 -3.267732
01:22:44 INFO Sent packet with: ObjectMoveEvent 2 (1 0.101846 0.106748 -0.445963)
01:22:44 INFO Sent packet with: PlayerMoveEvent 2 1.106719 0.000000 -3.459985
01:22:44 INFO Sent packet with: ObjectMoveEvent 2 (1 0.163658 0.142837 -0.562208)
01:22:44 INFO Sent packet with: PlayerMoveEvent 2 1.146119 0.000000 -3.656481
01:22:44 INFO Sent packet with: ObjectMoveEvent 2 (1 0.237129 0.179875 -0.682974)
01:22:44 INFO Sent packet with: PlayerMoveEvent 2 1.169612 0.000000 -3.855792
01:22:44 INFO Sent packet with: ObjectMoveEvent 2 (1 0.314830 0.216488 -0.809708)
01:22:44 INFO Sent packet with: PlayerMoveEvent 2 1.182708 0.000000 -4.056128
01:22:44 INFO Sent packet with: ObjectMoveEvent 2 (1 0.394906 0.252637 -0.941935)
01:22:44 INFO Sent packet with: PlayerMoveEvent 2 1.185817 0.000000 -4.256073
01:22:44 INFO Sent packet with: ObjectMoveEvent 2 (1 0.479061 0.288870 -1.080247)
01:22:44 INFO Sent packet with: PlayerMoveEvent 2 1.176245 0.000000 -4.456058
01:22:44 INFO Sent packet with: ObjectMoveEvent 2 (1 0.566132 0.324969 -1.225439)
01:22:44 INFO Sent packet with: PlayerMoveEvent 2 1.153660 0.000000 -4.655772
01:22:44 INFO Sent packet with: ObjectMoveEvent 2 (1 0.656968 0.361225 -1.376961)
01:22:44 INFO Sent packet with: PlayerMoveEvent 2 1.114965 0.000000 -4.852207
01:22:44 INFO Sent packet with: ObjectMoveEvent 2 (1 0.749356 0.397248 -1.535856)
01:22:44 INFO Sent packet with: PlayerMoveEvent 2 1.060907 0.000000 -5.045309
01:22:44 INFO Sent packet with: ObjectMoveEvent 2 (1 0.844573 0.433488 -1.699769)
01:22:44 INFO Sent packet with: PlayerMoveEvent 2 1.031288 0.000000 -5.129683
01:22:44 INFO Sent packet with: ObjectMoveEvent 2 (1 0.947322 0.469803 -1.857189)
01:22:44 INFO Sent packet with: ObjectMoveEvent 2 (1 1.054187 0.505319 -2.007049)
01:22:44 INFO Sent packet with: ObjectMoveEvent 2 (1 1.161253 0.539705 -2.149128)
01:22:44 INFO Sent packet with: ObjectMoveEvent 2 (1 1.261892 0.571542 -2.280152)
01:22:44 INFO Sent packet with: ObjectMoveEvent 2 (1 1.351397 0.600362 -2.397547)
01:22:44 INFO Sent packet with: PlayerMoveEvent 2 0.957037 0.000000 -5.074714
01:22:44 INFO Sent packet with: ObjectMoveEvent 2 (1 1.419245 0.626446 -2.494051)
01:22:44 INFO Sent packet with: PlayerMoveEvent 2 0.796111 0.000000 -4.955578
01:22:45 INFO Updating FPS
01:22:45 INFO Sent packet with: ObjectMoveEvent 2 (1 1.462673 0.649316 -2.568445)
01:22:45 INFO Sent packet with: PlayerMoveEvent 2 0.632638 0.000000 -4.838772
01:22:45 INFO Sent packet with: ObjectMoveEvent 2 (1 1.468018 0.664856 -2.614534)
01:22:45 INFO Sent packet with: PlayerMoveEvent 2 0.458264 0.000000 -4.740731
01:22:45 INFO Sent packet with: ObjectMoveEvent 2 (1 1.447620 0.672519 -2.633754)
01:22:45 INFO Sent packet with: PlayerMoveEvent 2 0.357206 0.000000 -4.580326
01:22:45 INFO Sent packet with: PlayerMoveEvent 2 0.281611 0.000000 -4.394868
01:22:45 INFO Sent packet with: PlayerMoveEvent 2 0.206026 0.000000 -4.209435
01:22:45 INFO Sent packet with: PlayerMoveEvent 2 0.130252 0.000000 -4.024042
01:22:45 INFO Sent packet with: PlayerMoveEvent 2 0.054141 0.000000 -3.838007
01:22:45 INFO Sent packet with: PlayerMoveEvent 2 -0.024690 0.000000 -3.653980
01:22:45 INFO Sent packet with: PlayerMoveEvent 2 -0.111247 0.000000 -3.470476
01:22:45 INFO Sent packet with: PlayerMoveEvent 2 -0.201514 0.000000 -3.291918
01:22:45 INFO Sent packet with: PlayerMoveEvent 2 -0.294207 0.000000 -3.114174
01:22:45 INFO Sent packet with: PlayerMoveEvent 2 -0.387519 0.000000 -2.935349
01:22:45 INFO Sent packet with: PlayerMoveEvent 2 -0.479120 0.000000 -2.757525
01:22:45 INFO Sent packet with: PlayerMoveEvent 2 -0.568875 0.000000 -2.578510
01:22:45 INFO Sent packet with: PlayerMoveEvent 2 -0.654938 0.000000 -2.397822
01:22:45 INFO Sent packet with: PlayerMoveEvent 2 -0.734243 0.000000 -2.214175
01:22:45 INFO Sent packet with: PlayerMoveEvent 2 -0.804418 0.000000 -2.026136
01:22:45 INFO Sent packet with: PlayerMoveEvent 2 -0.865130 0.000000 -1.835150
01:22:45 INFO Sent packet with: PlayerMoveEvent 2 -0.915926 0.000000 -1.641670
01:22:45 INFO Sent packet with: PlayerMoveEvent 2 -0.956422 0.000000 -1.445560
01:22:46 INFO Updating FPS
01:22:46 INFO Sent packet with: PlayerMoveEvent 2 -0.986599 0.000000 -1.247779
01:22:46 INFO Sent packet with: PlayerMoveEvent 2 -1.000846 0.000000 -1.047578
01:22:46 INFO Sent packet with: PlayerMoveEvent 2 -0.996361 0.000000 -0.845046
01:22:46 INFO Sent packet with: PlayerMoveEvent 2 -0.971658 0.000000 -0.646054
01:22:46 INFO Sent packet with: PlayerMoveEvent 2 -0.925253 0.000000 -0.449923
01:22:46 INFO Sent packet with: PlayerMoveEvent 2 -0.948159 0.000000 -0.263074
01:22:46 INFO Sent packet with: PlayerMoveEvent 2 -1.006455 0.000000 -0.071453
01:22:46 INFO Sent packet with: PlayerMoveEvent 2 -1.039931 0.000000 0.126510
01:22:46 INFO Sent packet with: PlayerMoveEvent 2 -1.048581 0.000000 0.326750
01:22:46 INFO Sent packet with: PlayerMoveEvent 2 -1.032345 0.000000 0.527577
01:22:46 INFO Sent packet with: PlayerMoveEvent 2 -0.988853 0.000000 0.722778
01:22:46 INFO Sent packet with: PlayerMoveEvent 2 -0.975730 0.000000 0.762600
01:22:47 INFO Updating FPS
01:22:47 INFO Sent packet with: PlayerMoveEvent 2 -0.886008 0.000000 0.781952
01:22:47 INFO Sent packet with: PlayerMoveEvent 2 -0.688091 0.000000 0.820357
01:22:47 INFO Sent packet with: PlayerMoveEvent 2 -0.489767 0.000000 0.851544
01:22:47 INFO Sent packet with: PlayerMoveEvent 2 -0.290912 0.000000 0.872964
01:22:47 INFO Sent packet with: PlayerMoveEvent 2 -0.165771 0.000000 0.879203
01:22:48 INFO Updating FPS
01:22:48 INFO Sent packet with: PlayerMoveEvent 2 -0.197307 0.000000 0.801985
01:22:48 INFO Sent packet with: PlayerMoveEvent 2 -0.273677 0.000000 0.616633
01:22:48 INFO Sent packet with: PlayerMoveEvent 2 -0.352191 0.000000 0.431849
01:22:48 INFO Sent packet with: PlayerMoveEvent 2 -0.433599 0.000000 0.249096
01:22:48 INFO Sent packet with: PlayerMoveEvent 2 -0.450038 0.000000 0.213124
01:22:48 INFO Sent packet with: PlayerMoveEvent 2 -0.448794 0.000000 0.212524
01:22:48 INFO Sent packet with: PlayerMoveEvent 2 -0.268389 0.000000 0.125248
01:22:48 INFO Sent packet with: PlayerMoveEvent 2 -0.085706 0.000000 0.042399
01:22:48 INFO Sent packet with: PlayerMoveEvent 2 0.098879 0.000000 0.119892
01:22:48 INFO Sent packet with: PlayerMoveEvent 2 0.279455 0.000000 0.206289
01:22:48 INFO Sent packet with: PlayerMoveEvent 2 0.365434 0.000000 0.377408
01:22:48 INFO Sent packet with: PlayerMoveEvent 2 0.434373 0.000000 0.565680
01:22:48 INFO Sent packet with: PlayerMoveEvent 2 0.509895 0.000000 0.750989
01:22:49 INFO Updating FPS
01:22:49 INFO Sent packet with: PlayerMoveEvent 2 0.593867 0.000000 0.932900
01:22:49 INFO Sent packet with: PlayerMoveEvent 2 0.682103 0.000000 1.112431
01:22:49 INFO Sent packet with: PlayerMoveEvent 2 0.771867 0.000000 1.291163
01:22:49 INFO Sent packet with: PlayerMoveEvent 2 0.862493 0.000000 1.470040
01:22:49 INFO Sent packet with: PlayerMoveEvent 2 0.953413 0.000000 1.648537
01:22:49 INFO Sent packet with: PlayerMoveEvent 2 1.045105 0.000000 1.826814
01:22:49 INFO Sent packet with: PlayerMoveEvent 2 1.137070 0.000000 2.005158
01:22:49 INFO Sent packet with: PlayerMoveEvent 2 1.176044 0.000000 2.080488
01:22:49 INFO Sent packet with: PlayerMoveEvent 2 1.249733 0.000000 2.246410
01:22:49 INFO Sent packet with: PlayerMoveEvent 2 1.315533 0.000000 2.435528
01:22:49 INFO Sent packet with: PlayerMoveEvent 2 1.375167 0.000000 2.626477
01:22:50 INFO Updating FPS
01:22:50 INFO Sent packet with: PlayerMoveEvent 2 1.443211 0.000000 2.815159
01:22:50 INFO Sent packet with: PlayerMoveEvent 2 1.517959 0.000000 3.000978
01:22:50 INFO Sent packet with: PlayerMoveEvent 2 1.589315 0.000000 3.188497
01:22:50 INFO Sent packet with: PlayerMoveEvent 2 1.658093 0.000000 3.376424
01:22:50 INFO Sent packet with: PlayerMoveEvent 2 1.726874 0.000000 3.564994
01:22:50 INFO Sent packet with: PlayerMoveEvent 2 1.796497 0.000000 3.752820
01:22:50 INFO Sent packet with: PlayerMoveEvent 2 1.872579 0.000000 3.939224
01:22:50 INFO Sent packet with: PlayerMoveEvent 2 1.968446 0.000000 4.115284
01:22:50 INFO Sent packet with: PlayerMoveEvent 2 2.090001 0.000000 4.274629
01:22:50 INFO Sent packet with: PlayerMoveEvent 2 2.111531 0.000000 4.299807
01:22:50 INFO Sent packet with: PlayerMoveEvent 2 2.068249 0.000000 4.342348
01:22:50 INFO Sent packet with: PlayerMoveEvent 2 1.877619 0.000000 4.365204
01:22:50 INFO Sent packet with: PlayerMoveEvent 2 1.677229 0.000000 4.360719
01:22:50 INFO Sent packet with: PlayerMoveEvent 2 1.476915 0.000000 4.348374
01:22:50 INFO Sent packet with: ItemDropEvent 2
01:22:50 INFO Sent packet with: ObjectLoadEvent 2 (6 (MoveTool 1.389575 0.000000 4.299567 2.000000 1.000000 0.000000 0.000000 0.000000 1.000000))
01:22:50 INFO Sent packet with: PlayerMoveEvent 2 1.389575 0.000000 4.299567
01:22:51 INFO Updating FPS
01:22:51 INFO Sent packet with: ItemPickupEvent 2 (SunTool 0.000000 0.000000 0.000000 0 1.000000)
01:22:51 INFO Sent packet with: ObjectRemoveEvent 2 4
01:22:51 INFO Sent packet with: PlayerMoveEvent 2 1.340104 0.000000 4.125532
01:22:51 INFO Sent packet with: PlayerMoveEvent 2 1.309053 0.000000 3.927519
01:22:51 INFO Sent packet with: PlayerMoveEvent 2 1.233331 0.000000 3.757614
01:22:51 INFO Sent packet with: PlayerMoveEvent 2 1.074143 0.000000 3.636437
01:22:51 INFO Sent packet with: PlayerMoveEvent 2 0.914770 0.000000 3.515120
01:22:51 INFO Sent packet with: PlayerMoveEvent 2 0.755302 0.000000 3.393730
01:22:51 INFO Sent packet with: PlayerMoveEvent 2 0.594905 0.000000 3.271532
01:22:51 INFO Sent packet with: PlayerMoveEvent 2 0.436659 0.000000 3.148432
01:22:51 INFO Sent packet with: PlayerMoveEvent 2 0.327654 0.000000 3.075288
01:22:52 INFO Updating FPS
01:22:53 INFO Updating FPS
01:22:53 INFO Azimuth: 267.387395 Altitude: -17.876911
01:22:53 INFO Sent packet with: WeatherUpdateEvent 800 -600
01:22:53 INFO Azimuth: 266.165940 Altitude: -15.719761
01:22:53 INFO Sent packet with: WeatherUpdateEvent 800 -1200
01:22:53 INFO Azimuth: 264.951494 Altitude: -13.565673
01:22:53 INFO Sent packet with: WeatherUpdateEvent 800 -1800
01:22:53 INFO Azimuth: 263.740463 Altitude: -11.415598
01:22:53 INFO Azimuth: 262.529389 Altitude: -9.270489
01:22:53 INFO Sent packet with: WeatherUpdateEvent 800 -3000
01:22:53 INFO Azimuth: 263.740463 Altitude: -11.415598
01:22:53 INFO Sent packet with: WeatherUpdateEvent 800 -2400
01:22:53 INFO Azimuth: 264.951494 Altitude: -13.565673
01:22:53 INFO Azimuth: 266.165940 Altitude: -15.719761
01:22:53 INFO Azimuth: 267.387395 Altitude: -17.876911
01:22:53 INFO Azimuth: 268.619636 Altitude: -20.036161
01:22:53 INFO Sent packet with: WeatherUpdateEvent 800 0
01:22:53 INFO Azimuth: 269.866671 Altitude: -22.196531
01:22:53 INFO Sent packet with: WeatherUpdateEvent 800 600
01:22:53 INFO Sent packet with: PlayerMoveEvent 2 0.479743 0.000000 3.019788
01:22:54 INFO Updating FPS
01:22:54 INFO Sent packet with: PlayerMoveEvent 2 0.667715 0.000000 2.951180
01:22:54 INFO Sent packet with: PlayerMoveEvent 2 0.855956 0.000000 2.882474
01:22:54 INFO Sent packet with: PlayerMoveEvent 2 0.975591 0.000000 2.738838
01:22:54 INFO Sent packet with: PlayerMoveEvent 2 1.054508 0.000000 2.554338
01:22:54 INFO Sent packet with: PlayerMoveEvent 2 1.125064 0.000000 2.366979
01:22:54 INFO Azimuth: 268.621701 Altitude: -20.039761
01:22:54 INFO Sent packet with: PlayerMoveEvent 2 1.183581 0.000000 2.175575
01:22:54 INFO Sent packet with: WeatherUpdateEvent 800 0
01:22:54 INFO Azimuth: 267.389439 Altitude: -17.880508
01:22:54 INFO Sent packet with: PlayerMoveEvent 2 1.229610 0.000000 1.980907
01:22:54 INFO Sent packet with: WeatherUpdateEvent 800 -600
01:22:54 INFO Sent packet with: PlayerMoveEvent 2 1.261513 0.000000 1.783079
01:22:54 INFO Sent packet with: PlayerMoveEvent 2 1.278338 0.000000 1.583675
01:22:54 INFO Azimuth: 266.167969 Altitude: -15.723354
01:22:54 INFO Sent packet with: PlayerMoveEvent 2 1.282843 0.000000 1.383246
01:22:54 INFO Sent packet with: WeatherUpdateEvent 800 -1200
01:22:54 INFO Azimuth: 264.953514 Altitude: -13.569260
01:22:54 INFO Sent packet with: PlayerMoveEvent 2 1.283577 0.000000 1.188716
01:22:54 INFO Sent packet with: WeatherUpdateEvent 800 -1800
01:22:54 INFO Azimuth: 263.742480 Altitude: -11.419178
01:22:54 INFO Sent packet with: PlayerMoveEvent 2 1.391608 0.000000 1.019849
01:22:54 INFO Sent packet with: WeatherUpdateEvent 800 -2400
01:22:54 INFO Azimuth: 262.531410 Altitude: -9.274060
01:22:54 INFO Sent packet with: PlayerMoveEvent 2 1.482957 0.000000 0.841676
01:22:54 INFO Sent packet with: WeatherUpdateEvent 800 -3000
01:22:54 INFO Sent packet with: PlayerMoveEvent 2 1.572731 0.000000 0.661759
01:22:54 INFO Sent packet with: PlayerMoveEvent 2 1.667519 0.000000 0.485322
01:22:54 INFO Azimuth: 263.742480 Altitude: -11.419178
01:22:54 INFO Azimuth: 264.953514 Altitude: -13.569260
01:22:54 INFO Azimuth: 266.167969 Altitude: -15.723354
01:22:54 INFO Sent packet with: PlayerMoveEvent 2 1.787074 0.000000 0.324952
01:22:54 INFO Sent packet with: WeatherUpdateEvent 800 -1200
01:22:54 INFO Azimuth: 267.389439 Altitude: -17.880508
01:22:54 INFO Azimuth: 268.621701 Altitude: -20.039761
01:22:54 INFO Azimuth: 269.868764 Altitude: -22.200132
01:22:54 INFO Sent packet with: PlayerMoveEvent 2 1.940084 0.000000 0.196252
01:22:54 INFO Sent packet with: WeatherUpdateEvent 800 600
01:22:54 INFO Azimuth: 271.134919 Altitude: -24.360607
01:22:54 INFO Azimuth: 272.424804 Altitude: -26.520125
01:22:54 INFO Sent packet with: PlayerMoveEvent 2 2.124402 0.000000 0.118336
01:22:54 INFO Sent packet with: WeatherUpdateEvent 800 1800
01:22:54 INFO Azimuth: 273.743479 Altitude: -28.677561
01:22:54 INFO Sent packet with: PlayerMoveEvent 2 2.321191 0.000000 0.083777
01:22:54 INFO Sent packet with: WeatherUpdateEvent 800 2400
01:22:54 INFO Sent packet with: PlayerMoveEvent 2 2.522720 0.000000 0.077964
01:22:55 INFO Updating FPS
01:22:55 INFO Sent packet with: PlayerMoveEvent 2 2.701412 0.000000 0.129866
01:22:55 INFO Sent packet with: PlayerMoveEvent 2 2.839098 0.000000 0.275255
01:22:55 INFO Azimuth: 272.426976 Altitude: -26.523723
01:22:55 INFO Sent packet with: PlayerMoveEvent 2 2.970056 0.000000 0.426770
01:22:55 INFO Sent packet with: WeatherUpdateEvent 800 1800
01:22:55 INFO Azimuth: 271.137047 Altitude: -24.364207
01:22:55 INFO Sent packet with: PlayerMoveEvent 2 3.092681 0.000000 0.586002
01:22:55 INFO Sent packet with: WeatherUpdateEvent 800 1200
01:22:55 INFO Azimuth: 269.870857 Altitude: -22.203733
01:22:55 INFO Azimuth: 268.623766 Altitude: -20.043361
01:22:55 INFO Sent packet with: PlayerMoveEvent 2 3.206972 0.000000 0.750779
01:22:55 INFO Sent packet with: WeatherUpdateEvent 800 0
01:22:55 INFO Azimuth: 267.391482 Altitude: -17.884105
01:22:55 INFO Sent packet with: PlayerMoveEvent 2 3.317617 0.000000 0.917798
01:22:55 INFO Sent packet with: WeatherUpdateEvent 800 -600
01:22:55 INFO Azimuth: 266.169997 Altitude: -15.726947
01:22:55 INFO Azimuth: 264.955534 Altitude: -13.572847
01:22:55 INFO Sent packet with: PlayerMoveEvent 2 3.294407 0.000000 1.059027
01:22:55 INFO Sent packet with: WeatherUpdateEvent 800 -1800
01:22:55 INFO Azimuth: 263.744497 Altitude: -11.422757
01:22:55 INFO Sent packet with: WeatherUpdateEvent 800 -2400
01:22:57 DEBUG Closing Window
01:26:08 DEBUG Initializing window with size 1280,720
01:26:08 DEBUG Enet Initialized?: 1
01:26:08 DEBUG Starting application...
01:26:10 DEBUG Closing Window
